2019-02-14 15:42:17.575 ERROR scannerclient - <module>: 'SCCS'
Traceback (most recent call last):
  File "/SCANNER/scannerclient.py", line 38, in <module>
    uploadurl = globals()[a]
KeyError: 'SCCS'
2019-02-14 15:42:16.948 ERROR scannerclient - <module>: 'SCCS'
Traceback (most recent call last):
  File "/SCANNER/scannerclient.py", line 38, in <module>
    uploadurl = globals()[a]
KeyError: 'SCCS'
2019-02-14 15:42:16.924 ERROR scannerclient - <module>: 'SCCS'
Traceback (most recent call last):
  File "/SCANNER/scannerclient.py", line 38, in <module>
    uploadurl = globals()[a]
KeyError: 'SCCS'
2019-02-14 15:42:17.110 ERROR scannerclient - <module>: 'SCCS'
Traceback (most recent call last):
  File "/SCANNER/scannerclient.py", line 38, in <module>
    uploadurl = globals()[a]
KeyError: 'SCCS'
2019-02-14 15:42:17.164 ERROR scannerclient - <module>: 'SCCS'
Traceback (most recent call last):
  File "/SCANNER/scannerclient.py", line 38, in <module>
    uploadurl = globals()[a]
KeyError: 'SCCS'
2019-02-14 15:42:16.962 ERROR scannerclient - <module>: 'SCCS'
Traceback (most recent call last):
  File "/SCANNER/scannerclient.py", line 38, in <module>
    uploadurl = globals()[a]
KeyError: 'SCCS'
2019-02-14 15:42:16.903 ERROR scannerclient - <module>: 'SCCS'
Traceback (most recent call last):
  File "/SCANNER/scannerclient.py", line 38, in <module>
    uploadurl = globals()[a]
KeyError: 'SCCS'
2019-02-14 15:42:17.409 ERROR scannerclient - <module>: 'SCCS'
Traceback (most recent call last):
  File "/SCANNER/scannerclient.py", line 38, in <module>
    uploadurl = globals()[a]
KeyError: 'SCCS'
2019-02-14 15:42:17.101 ERROR scannerclient - <module>: 'SCCS'
Traceback (most recent call last):
  File "/SCANNER/scannerclient.py", line 38, in <module>
    uploadurl = globals()[a]
KeyError: 'SCCS'
2019-02-14 15:42:16.859 ERROR scannerclient - <module>: 'SCCS'
Traceback (most recent call last):
  File "/SCANNER/scannerclient.py", line 38, in <module>
    uploadurl = globals()[a]
KeyError: 'SCCS'
2019-02-14 15:42:17.269 ERROR scannerclient - <module>: 'SCCS'
Traceback (most recent call last):
  File "/SCANNER/scannerclient.py", line 38, in <module>
    uploadurl = globals()[a]
KeyError: 'SCCS'
2019-02-14 15:42:17.041 ERROR scannerclient - <module>: 'SCCS'
Traceback (most recent call last):
  File "/SCANNER/scannerclient.py", line 38, in <module>
    uploadurl = globals()[a]
KeyError: 'SCCS'
2019-02-14 15:42:17.346 ERROR scannerclient - <module>: 'SCCS'
Traceback (most recent call last):
  File "/SCANNER/scannerclient.py", line 38, in <module>
    uploadurl = globals()[a]
KeyError: 'SCCS'
2019-02-14 15:42:16.925 ERROR scannerclient - <module>: 'SCCS'
Traceback (most recent call last):
  File "/SCANNER/scannerclient.py", line 38, in <module>
    uploadurl = globals()[a]
KeyError: 'SCCS'
2019-02-14 15:42:17.397 ERROR scannerclient - <module>: 'SCCS'
Traceback (most recent call last):
  File "/SCANNER/scannerclient.py", line 38, in <module>
    uploadurl = globals()[a]
KeyError: 'SCCS'
2019-02-14 15:42:17.514 ERROR scannerclient - <module>: 'SCCS'
Traceback (most recent call last):
  File "/SCANNER/scannerclient.py", line 38, in <module>
    uploadurl = globals()[a]
KeyError: 'SCCS'
2019-02-14 15:42:17.191 ERROR scannerclient - <module>: 'SCCS'
Traceback (most recent call last):
  File "/SCANNER/scannerclient.py", line 38, in <module>
    uploadurl = globals()[a]
KeyError: 'SCCS'
2019-02-14 15:42:17.119 ERROR scannerclient - <module>: 'SCCS'
Traceback (most recent call last):
  File "/SCANNER/scannerclient.py", line 38, in <module>
    uploadurl = globals()[a]
KeyError: 'SCCS'
2019-02-14 15:42:17.519 ERROR scannerclient - <module>: 'SCCS'
Traceback (most recent call last):
  File "/SCANNER/scannerclient.py", line 38, in <module>
    uploadurl = globals()[a]
KeyError: 'SCCS'
2019-02-14 15:42:17.106 ERROR scannerclient - <module>: 'SCCS'
Traceback (most recent call last):
  File "/SCANNER/scannerclient.py", line 38, in <module>
    uploadurl = globals()[a]
KeyError: 'SCCS'
2019-02-14 15:42:17.138 ERROR scannerclient - <module>: 'SCCS'
Traceback (most recent call last):
  File "/SCANNER/scannerclient.py", line 38, in <module>
    uploadurl = globals()[a]
KeyError: 'SCCS'
2019-02-14 15:42:16.949 ERROR scannerclient - <module>: 'SCCS'
Traceback (most recent call last):
  File "/SCANNER/scannerclient.py", line 38, in <module>
    uploadurl = globals()[a]
KeyError: 'SCCS'
2019-02-14 15:42:17.345 ERROR scannerclient - <module>: 'SCCS'
Traceback (most recent call last):
  File "/SCANNER/scannerclient.py", line 38, in <module>
    uploadurl = globals()[a]
KeyError: 'SCCS'
2019-02-14 15:42:17.401 ERROR scannerclient - <module>: 'SCCS'
Traceback (most recent call last):
  File "/SCANNER/scannerclient.py", line 38, in <module>
    uploadurl = globals()[a]
KeyError: 'SCCS'
2019-02-14 15:42:17.194 ERROR scannerclient - <module>: 'SCCS'
Traceback (most recent call last):
  File "/SCANNER/scannerclient.py", line 38, in <module>
    uploadurl = globals()[a]
KeyError: 'SCCS'
2019-02-14 15:42:16.938 ERROR scannerclient - <module>: 'SCCS'
Traceback (most recent call last):
  File "/SCANNER/scannerclient.py", line 38, in <module>
    uploadurl = globals()[a]
KeyError: 'SCCS'
2019-02-14 15:42:17.469 ERROR scannerclient - <module>: 'SCCS'
Traceback (most recent call last):
  File "/SCANNER/scannerclient.py", line 38, in <module>
    uploadurl = globals()[a]
KeyError: 'SCCS'
2019-02-14 15:42:17.020 ERROR scannerclient - <module>: 'SCCS'
Traceback (most recent call last):
  File "/SCANNER/scannerclient.py", line 38, in <module>
    uploadurl = globals()[a]
KeyError: 'SCCS'
2019-02-14 15:42:17.485 ERROR scannerclient - <module>: 'SCCS'
Traceback (most recent call last):
  File "/SCANNER/scannerclient.py", line 38, in <module>
    uploadurl = globals()[a]
KeyError: 'SCCS'
2019-02-14 15:42:17.237 ERROR scannerclient - <module>: 'SCCS'
Traceback (most recent call last):
  File "/SCANNER/scannerclient.py", line 38, in <module>
    uploadurl = globals()[a]
KeyError: 'SCCS'
2019-02-14 15:42:17.202 ERROR scannerclient - <module>: 'SCCS'
Traceback (most recent call last):
  File "/SCANNER/scannerclient.py", line 38, in <module>
    uploadurl = globals()[a]
KeyError: 'SCCS'
2019-02-14 15:42:17.009 ERROR scannerclient - <module>: 'SCCS'
Traceback (most recent call last):
  File "/SCANNER/scannerclient.py", line 38, in <module>
    uploadurl = globals()[a]
KeyError: 'SCCS'
2019-02-14 15:42:17.601 ERROR scannerclient - <module>: 'SCCS'
Traceback (most recent call last):
  File "/SCANNER/scannerclient.py", line 38, in <module>
    uploadurl = globals()[a]
KeyError: 'SCCS'
2019-02-14 15:42:17.204 ERROR scannerclient - <module>: 'SCCS'
Traceback (most recent call last):
  File "/SCANNER/scannerclient.py", line 38, in <module>
    uploadurl = globals()[a]
KeyError: 'SCCS'
2019-02-14 15:42:16.993 ERROR scannerclient - <module>: 'SCCS'
Traceback (most recent call last):
  File "/SCANNER/scannerclient.py", line 38, in <module>
    uploadurl = globals()[a]
KeyError: 'SCCS'
2019-02-14 15:42:17.494 ERROR scannerclient - <module>: 'SCCS'
Traceback (most recent call last):
  File "/SCANNER/scannerclient.py", line 38, in <module>
    uploadurl = globals()[a]
KeyError: 'SCCS'
2019-02-14 15:42:16.924 ERROR scannerclient - <module>: 'SCCS'
Traceback (most recent call last):
  File "/SCANNER/scannerclient.py", line 38, in <module>
    uploadurl = globals()[a]
KeyError: 'SCCS'
2019-02-14 15:42:16.987 ERROR scannerclient - <module>: 'SCCS'
Traceback (most recent call last):
  File "/SCANNER/scannerclient.py", line 38, in <module>
    uploadurl = globals()[a]
KeyError: 'SCCS'
2019-02-14 15:42:16.911 ERROR scannerclient - <module>: 'SCCS'
Traceback (most recent call last):
  File "/SCANNER/scannerclient.py", line 38, in <module>
    uploadurl = globals()[a]
KeyError: 'SCCS'
2019-02-14 15:42:17.181 ERROR scannerclient - <module>: 'SCCS'
Traceback (most recent call last):
  File "/SCANNER/scannerclient.py", line 38, in <module>
    uploadurl = globals()[a]
KeyError: 'SCCS'
2019-02-14 15:42:16.942 ERROR scannerclient - <module>: 'SCCS'
Traceback (most recent call last):
  File "/SCANNER/scannerclient.py", line 38, in <module>
    uploadurl = globals()[a]
KeyError: 'SCCS'
2019-02-14 15:42:17.059 ERROR scannerclient - <module>: 'SCCS'
Traceback (most recent call last):
  File "/SCANNER/scannerclient.py", line 38, in <module>
    uploadurl = globals()[a]
KeyError: 'SCCS'
2019-02-14 15:42:16.883 ERROR scannerclient - <module>: 'SCCS'
Traceback (most recent call last):
  File "/SCANNER/scannerclient.py", line 38, in <module>
    uploadurl = globals()[a]
KeyError: 'SCCS'
2019-02-14 15:42:17.328 ERROR scannerclient - <module>: 'SCCS'
Traceback (most recent call last):
  File "/SCANNER/scannerclient.py", line 38, in <module>
    uploadurl = globals()[a]
KeyError: 'SCCS'
2019-02-14 15:42:16.975 ERROR scannerclient - <module>: 'SCCS'
Traceback (most recent call last):
  File "/SCANNER/scannerclient.py", line 38, in <module>
    uploadurl = globals()[a]
KeyError: 'SCCS'
2019-02-14 15:42:17.254 ERROR scannerclient - <module>: 'SCCS'
Traceback (most recent call last):
  File "/SCANNER/scannerclient.py", line 38, in <module>
    uploadurl = globals()[a]
KeyError: 'SCCS'
2019-02-14 15:42:16.928 ERROR scannerclient - <module>: 'SCCS'
Traceback (most recent call last):
  File "/SCANNER/scannerclient.py", line 38, in <module>
    uploadurl = globals()[a]
KeyError: 'SCCS'
2019-02-14 15:42:17.470 ERROR scannerclient - <module>: 'SCCS'
Traceback (most recent call last):
  File "/SCANNER/scannerclient.py", line 38, in <module>
    uploadurl = globals()[a]
KeyError: 'SCCS'
2019-02-14 15:42:17.154 ERROR scannerclient - <module>: 'SCCS'
Traceback (most recent call last):
  File "/SCANNER/scannerclient.py", line 38, in <module>
    uploadurl = globals()[a]
KeyError: 'SCCS'
2019-02-14 15:42:16.981 ERROR scannerclient - <module>: 'SCCS'
Traceback (most recent call last):
  File "/SCANNER/scannerclient.py", line 38, in <module>
    uploadurl = globals()[a]
KeyError: 'SCCS'
2019-02-14 15:42:16.913 ERROR scannerclient - <module>: 'SCCS'
Traceback (most recent call last):
  File "/SCANNER/scannerclient.py", line 38, in <module>
    uploadurl = globals()[a]
KeyError: 'SCCS'
2019-02-14 15:42:17.337 ERROR scannerclient - <module>: 'SCCS'
Traceback (most recent call last):
  File "/SCANNER/scannerclient.py", line 38, in <module>
    uploadurl = globals()[a]
KeyError: 'SCCS'
2019-02-14 15:42:17.240 ERROR scannerclient - <module>: 'SCCS'
Traceback (most recent call last):
  File "/SCANNER/scannerclient.py", line 38, in <module>
    uploadurl = globals()[a]
KeyError: 'SCCS'
2019-02-14 15:42:16.837 ERROR scannerclient - <module>: 'SCCS'
Traceback (most recent call last):
  File "/SCANNER/scannerclient.py", line 38, in <module>
    uploadurl = globals()[a]
KeyError: 'SCCS'
2019-02-14 15:42:16.961 ERROR scannerclient - <module>: 'SCCS'
Traceback (most recent call last):
  File "/SCANNER/scannerclient.py", line 38, in <module>
    uploadurl = globals()[a]
KeyError: 'SCCS'
2019-02-14 15:42:17.388 ERROR scannerclient - <module>: 'SCCS'
Traceback (most recent call last):
  File "/SCANNER/scannerclient.py", line 38, in <module>
    uploadurl = globals()[a]
KeyError: 'SCCS'
2019-02-14 15:42:17.392 ERROR scannerclient - <module>: 'SCCS'
Traceback (most recent call last):
  File "/SCANNER/scannerclient.py", line 38, in <module>
    uploadurl = globals()[a]
KeyError: 'SCCS'
2019-02-14 15:42:17.000 ERROR scannerclient - <module>: 'SCCS'
Traceback (most recent call last):
  File "/SCANNER/scannerclient.py", line 38, in <module>
    uploadurl = globals()[a]
KeyError: 'SCCS'
2019-02-14 15:42:17.302 ERROR scannerclient - <module>: 'SCCS'
Traceback (most recent call last):
  File "/SCANNER/scannerclient.py", line 38, in <module>
    uploadurl = globals()[a]
KeyError: 'SCCS'
2019-02-14 15:42:17.153 ERROR scannerclient - <module>: 'SCCS'
Traceback (most recent call last):
  File "/SCANNER/scannerclient.py", line 38, in <module>
    uploadurl = globals()[a]
KeyError: 'SCCS'
2019-02-14 15:42:16.956 ERROR scannerclient - <module>: 'SCCS'
Traceback (most recent call last):
  File "/SCANNER/scannerclient.py", line 38, in <module>
    uploadurl = globals()[a]
KeyError: 'SCCS'
2019-02-14 15:42:17.179 ERROR scannerclient - <module>: 'SCCS'
Traceback (most recent call last):
  File "/SCANNER/scannerclient.py", line 38, in <module>
    uploadurl = globals()[a]
KeyError: 'SCCS'
2019-02-14 15:42:17.148 ERROR scannerclient - <module>: 'SCCS'
Traceback (most recent call last):
  File "/SCANNER/scannerclient.py", line 38, in <module>
    uploadurl = globals()[a]
KeyError: 'SCCS'
2019-02-14 15:42:16.404 ERROR scannerclient - <module>: 'SCCS'
Traceback (most recent call last):
  File "/SCANNER/scannerclient.py", line 38, in <module>
    uploadurl = globals()[a]
KeyError: 'SCCS'
2019-02-14 15:42:16.835 ERROR scannerclient - <module>: 'SCCS'
Traceback (most recent call last):
  File "/SCANNER/scannerclient.py", line 38, in <module>
    uploadurl = globals()[a]
KeyError: 'SCCS'
2019-02-14 15:42:17.195 ERROR scannerclient - <module>: 'SCCS'
Traceback (most recent call last):
  File "/SCANNER/scannerclient.py", line 38, in <module>
    uploadurl = globals()[a]
KeyError: 'SCCS'
2019-02-14 15:42:17.370 ERROR scannerclient - <module>: 'SCCS'
Traceback (most recent call last):
  File "/SCANNER/scannerclient.py", line 38, in <module>
    uploadurl = globals()[a]
KeyError: 'SCCS'
2019-02-14 15:42:17.303 ERROR scannerclient - <module>: 'SCCS'
Traceback (most recent call last):
  File "/SCANNER/scannerclient.py", line 38, in <module>
    uploadurl = globals()[a]
KeyError: 'SCCS'
2019-02-14 15:42:16.768 ERROR scannerclient - <module>: 'SCCS'
Traceback (most recent call last):
  File "/SCANNER/scannerclient.py", line 38, in <module>
    uploadurl = globals()[a]
KeyError: 'SCCS'
2019-02-14 15:42:16.858 ERROR scannerclient - <module>: 'SCCS'
Traceback (most recent call last):
  File "/SCANNER/scannerclient.py", line 38, in <module>
    uploadurl = globals()[a]
KeyError: 'SCCS'
2019-02-14 15:42:17.408 ERROR scannerclient - <module>: 'SCCS'
Traceback (most recent call last):
  File "/SCANNER/scannerclient.py", line 38, in <module>
    uploadurl = globals()[a]
KeyError: 'SCCS'
2019-02-14 15:42:17.226 ERROR scannerclient - <module>: 'SCCS'
Traceback (most recent call last):
  File "/SCANNER/scannerclient.py", line 38, in <module>
    uploadurl = globals()[a]
KeyError: 'SCCS'
2019-02-14 15:42:16.193 ERROR scannerclient - <module>: 'SCCS'
Traceback (most recent call last):
  File "/SCANNER/scannerclient.py", line 38, in <module>
    uploadurl = globals()[a]
KeyError: 'SCCS'
2019-02-14 15:42:16.776 ERROR scannerclient - <module>: 'SCCS'
Traceback (most recent call last):
  File "/SCANNER/scannerclient.py", line 38, in <module>
    uploadurl = globals()[a]
KeyError: 'SCCS'
2019-02-14 15:42:16.325 ERROR scannerclient - <module>: 'SCCS'
Traceback (most recent call last):
  File "/SCANNER/scannerclient.py", line 38, in <module>
    uploadurl = globals()[a]
KeyError: 'SCCS'
2019-02-14 15:42:16.375 ERROR scannerclient - <module>: 'SCCS'
Traceback (most recent call last):
  File "/SCANNER/scannerclient.py", line 38, in <module>
    uploadurl = globals()[a]
KeyError: 'SCCS'
2019-02-14 15:42:16.471 ERROR scannerclient - <module>: 'SCCS'
Traceback (most recent call last):
  File "/SCANNER/scannerclient.py", line 38, in <module>
    uploadurl = globals()[a]
KeyError: 'SCCS'
2019-02-14 15:42:16.653 ERROR scannerclient - <module>: 'SCCS'
Traceback (most recent call last):
  File "/SCANNER/scannerclient.py", line 38, in <module>
    uploadurl = globals()[a]
KeyError: 'SCCS'
2019-02-14 15:42:16.239 ERROR scannerclient - <module>: 'SCCS'
Traceback (most recent call last):
  File "/SCANNER/scannerclient.py", line 38, in <module>
    uploadurl = globals()[a]
KeyError: 'SCCS'
2019-02-14 15:42:17.324 ERROR scannerclient - <module>: 'SCCS'
Traceback (most recent call last):
  File "/SCANNER/scannerclient.py", line 38, in <module>
    uploadurl = globals()[a]
KeyError: 'SCCS'
2019-02-14 15:42:17.241 ERROR scannerclient - <module>: 'SCCS'
Traceback (most recent call last):
  File "/SCANNER/scannerclient.py", line 38, in <module>
    uploadurl = globals()[a]
KeyError: 'SCCS'
2019-02-14 15:42:17.026 ERROR scannerclient - <module>: 'SCCS'
Traceback (most recent call last):
  File "/SCANNER/scannerclient.py", line 38, in <module>
    uploadurl = globals()[a]
KeyError: 'SCCS'
2019-02-14 15:42:16.712 ERROR scannerclient - <module>: 'SCCS'
Traceback (most recent call last):
  File "/SCANNER/scannerclient.py", line 38, in <module>
    uploadurl = globals()[a]
KeyError: 'SCCS'
2019-02-14 15:42:17.202 ERROR scannerclient - <module>: 'SCCS'
Traceback (most recent call last):
  File "/SCANNER/scannerclient.py", line 38, in <module>
    uploadurl = globals()[a]
KeyError: 'SCCS'
2019-02-14 15:42:17.503 ERROR scannerclient - <module>: 'SCCS'
Traceback (most recent call last):
  File "/SCANNER/scannerclient.py", line 38, in <module>
    uploadurl = globals()[a]
KeyError: 'SCCS'
2019-02-14 15:42:17.134 ERROR scannerclient - <module>: 'SCCS'
Traceback (most recent call last):
  File "/SCANNER/scannerclient.py", line 38, in <module>
    uploadurl = globals()[a]
KeyError: 'SCCS'
2019-02-14 15:42:17.378 ERROR scannerclient - <module>: 'SCCS'
Traceback (most recent call last):
  File "/SCANNER/scannerclient.py", line 38, in <module>
    uploadurl = globals()[a]
KeyError: 'SCCS'
2019-02-14 15:42:16.781 ERROR scannerclient - <module>: 'SCCS'
Traceback (most recent call last):
  File "/SCANNER/scannerclient.py", line 38, in <module>
    uploadurl = globals()[a]
KeyError: 'SCCS'
2019-02-14 15:42:16.101 ERROR scannerclient - <module>: 'SCCS'
Traceback (most recent call last):
  File "/SCANNER/scannerclient.py", line 38, in <module>
    uploadurl = globals()[a]
KeyError: 'SCCS'
2019-02-14 15:42:16.655 ERROR scannerclient - <module>: 'SCCS'
Traceback (most recent call last):
  File "/SCANNER/scannerclient.py", line 38, in <module>
    uploadurl = globals()[a]
KeyError: 'SCCS'
2019-02-14 15:42:17.154 ERROR scannerclient - <module>: 'SCCS'
Traceback (most recent call last):
  File "/SCANNER/scannerclient.py", line 38, in <module>
    uploadurl = globals()[a]
KeyError: 'SCCS'
2019-02-14 15:42:17.217 ERROR scannerclient - <module>: 'SCCS'
Traceback (most recent call last):
  File "/SCANNER/scannerclient.py", line 38, in <module>
    uploadurl = globals()[a]
KeyError: 'SCCS'
2019-02-14 15:42:16.045 ERROR scannerclient - <module>: 'SCCS'
Traceback (most recent call last):
  File "/SCANNER/scannerclient.py", line 38, in <module>
    uploadurl = globals()[a]
KeyError: 'SCCS'
2019-02-14 15:42:16.617 ERROR scannerclient - <module>: 'SCCS'
Traceback (most recent call last):
  File "/SCANNER/scannerclient.py", line 38, in <module>
    uploadurl = globals()[a]
KeyError: 'SCCS'
2019-02-14 15:42:15.941 ERROR scannerclient - <module>: 'SCCS'
Traceback (most recent call last):
  File "/SCANNER/scannerclient.py", line 38, in <module>
    uploadurl = globals()[a]
KeyError: 'SCCS'
2019-02-14 15:42:16.351 ERROR scannerclient - <module>: 'SCCS'
Traceback (most recent call last):
  File "/SCANNER/scannerclient.py", line 38, in <module>
    uploadurl = globals()[a]
KeyError: 'SCCS'
2019-02-14 15:42:15.832 ERROR scannerclient - <module>: 'SCCS'
Traceback (most recent call last):
  File "/SCANNER/scannerclient.py", line 38, in <module>
    uploadurl = globals()[a]
KeyError: 'SCCS'
2019-02-14 15:42:16.218 ERROR scannerclient - <module>: 'SCCS'
Traceback (most recent call last):
  File "/SCANNER/scannerclient.py", line 38, in <module>
    uploadurl = globals()[a]
KeyError: 'SCCS'
2019-02-14 15:42:16.283 ERROR scannerclient - <module>: 'SCCS'
Traceback (most recent call last):
  File "/SCANNER/scannerclient.py", line 38, in <module>
    uploadurl = globals()[a]
KeyError: 'SCCS'
2019-02-14 15:42:16.436 ERROR scannerclient - <module>: 'SCCS'
Traceback (most recent call last):
  File "/SCANNER/scannerclient.py", line 38, in <module>
    uploadurl = globals()[a]
KeyError: 'SCCS'
2019-02-14 15:42:16.282 ERROR scannerclient - <module>: 'SCCS'
Traceback (most recent call last):
  File "/SCANNER/scannerclient.py", line 38, in <module>
    uploadurl = globals()[a]
KeyError: 'SCCS'
2019-02-14 15:42:16.097 ERROR scannerclient - <module>: 'SCCS'
Traceback (most recent call last):
  File "/SCANNER/scannerclient.py", line 38, in <module>
    uploadurl = globals()[a]
KeyError: 'SCCS'
2019-02-14 15:42:16.064 ERROR scannerclient - <module>: 'SCCS'
Traceback (most recent call last):
  File "/SCANNER/scannerclient.py", line 38, in <module>
    uploadurl = globals()[a]
KeyError: 'SCCS'
2019-02-14 15:42:17.266 ERROR scannerclient - <module>: 'SCCS'
Traceback (most recent call last):
  File "/SCANNER/scannerclient.py", line 38, in <module>
    uploadurl = globals()[a]
KeyError: 'SCCS'
2019-02-14 15:42:17.330 ERROR scannerclient - <module>: 'SCCS'
Traceback (most recent call last):
  File "/SCANNER/scannerclient.py", line 38, in <module>
    uploadurl = globals()[a]
KeyError: 'SCCS'
2019-02-14 15:42:16.170 ERROR scannerclient - <module>: 'SCCS'
Traceback (most recent call last):
  File "/SCANNER/scannerclient.py", line 38, in <module>
    uploadurl = globals()[a]
KeyError: 'SCCS'
2019-02-14 15:42:17.239 ERROR scannerclient - <module>: 'SCCS'
Traceback (most recent call last):
  File "/SCANNER/scannerclient.py", line 38, in <module>
    uploadurl = globals()[a]
KeyError: 'SCCS'
2019-02-14 15:42:15.974 ERROR scannerclient - <module>: 'SCCS'
Traceback (most recent call last):
  File "/SCANNER/scannerclient.py", line 38, in <module>
    uploadurl = globals()[a]
KeyError: 'SCCS'
2019-02-14 15:42:17.106 ERROR scannerclient - <module>: 'SCCS'
Traceback (most recent call last):
  File "/SCANNER/scannerclient.py", line 38, in <module>
    uploadurl = globals()[a]
KeyError: 'SCCS'
2019-02-14 15:42:16.143 ERROR scannerclient - <module>: 'SCCS'
Traceback (most recent call last):
  File "/SCANNER/scannerclient.py", line 38, in <module>
    uploadurl = globals()[a]
KeyError: 'SCCS'
2019-02-14 15:42:16.069 ERROR scannerclient - <module>: 'SCCS'
Traceback (most recent call last):
  File "/SCANNER/scannerclient.py", line 38, in <module>
    uploadurl = globals()[a]
KeyError: 'SCCS'
2019-02-14 15:42:16.124 ERROR scannerclient - <module>: 'SCCS'
Traceback (most recent call last):
  File "/SCANNER/scannerclient.py", line 38, in <module>
    uploadurl = globals()[a]
KeyError: 'SCCS'
2019-02-14 15:42:17.182 ERROR scannerclient - <module>: 'SCCS'
Traceback (most recent call last):
  File "/SCANNER/scannerclient.py", line 38, in <module>
    uploadurl = globals()[a]
KeyError: 'SCCS'
2019-02-14 15:42:16.220 ERROR scannerclient - <module>: 'SCCS'
Traceback (most recent call last):
  File "/SCANNER/scannerclient.py", line 38, in <module>
    uploadurl = globals()[a]
KeyError: 'SCCS'
2019-02-14 15:42:16.171 ERROR scannerclient - <module>: 'SCCS'
Traceback (most recent call last):
  File "/SCANNER/scannerclient.py", line 38, in <module>
    uploadurl = globals()[a]
KeyError: 'SCCS'
2019-02-14 15:42:16.431 ERROR scannerclient - <module>: 'SCCS'
Traceback (most recent call last):
  File "/SCANNER/scannerclient.py", line 38, in <module>
    uploadurl = globals()[a]
KeyError: 'SCCS'
2019-02-14 15:42:16.446 ERROR scannerclient - <module>: 'SCCS'
Traceback (most recent call last):
  File "/SCANNER/scannerclient.py", line 38, in <module>
    uploadurl = globals()[a]
KeyError: 'SCCS'
2019-02-14 15:42:16.467 ERROR scannerclient - <module>: 'SCCS'
Traceback (most recent call last):
  File "/SCANNER/scannerclient.py", line 38, in <module>
    uploadurl = globals()[a]
KeyError: 'SCCS'
2019-02-14 15:42:17.100 ERROR scannerclient - <module>: 'SCCS'
Traceback (most recent call last):
  File "/SCANNER/scannerclient.py", line 38, in <module>
    uploadurl = globals()[a]
KeyError: 'SCCS'
2019-02-14 15:42:16.642 ERROR scannerclient - <module>: 'SCCS'
Traceback (most recent call last):
  File "/SCANNER/scannerclient.py", line 38, in <module>
    uploadurl = globals()[a]
KeyError: 'SCCS'
2019-02-14 15:42:16.446 ERROR scannerclient - <module>: 'SCCS'
Traceback (most recent call last):
  File "/SCANNER/scannerclient.py", line 38, in <module>
    uploadurl = globals()[a]
KeyError: 'SCCS'
2019-02-14 15:42:16.789 ERROR scannerclient - <module>: 'SCCS'
Traceback (most recent call last):
  File "/SCANNER/scannerclient.py", line 38, in <module>
    uploadurl = globals()[a]
KeyError: 'SCCS'
2019-02-14 15:42:16.414 ERROR scannerclient - <module>: 'SCCS'
Traceback (most recent call last):
  File "/SCANNER/scannerclient.py", line 38, in <module>
    uploadurl = globals()[a]
KeyError: 'SCCS'
2019-02-14 15:42:16.022 ERROR scannerclient - <module>: 'SCCS'
Traceback (most recent call last):
  File "/SCANNER/scannerclient.py", line 38, in <module>
    uploadurl = globals()[a]
KeyError: 'SCCS'
2019-02-14 15:42:17.117 ERROR scannerclient - <module>: 'SCCS'
Traceback (most recent call last):
  File "/SCANNER/scannerclient.py", line 38, in <module>
    uploadurl = globals()[a]
KeyError: 'SCCS'
2019-02-14 15:42:16.723 ERROR scannerclient - <module>: 'SCCS'
Traceback (most recent call last):
  File "/SCANNER/scannerclient.py", line 38, in <module>
    uploadurl = globals()[a]
KeyError: 'SCCS'
2019-02-14 15:42:17.686 ERROR scannerclient - <module>: 'SCCS'
Traceback (most recent call last):
  File "/SCANNER/scannerclient.py", line 38, in <module>
    uploadurl = globals()[a]
KeyError: 'SCCS'
2019-02-14 15:42:17.037 ERROR scannerclient - <module>: 'SCCS'
Traceback (most recent call last):
  File "/SCANNER/scannerclient.py", line 38, in <module>
    uploadurl = globals()[a]
KeyError: 'SCCS'
2019-02-14 15:42:17.264 ERROR scannerclient - <module>: 'SCCS'
Traceback (most recent call last):
  File "/SCANNER/scannerclient.py", line 38, in <module>
    uploadurl = globals()[a]
KeyError: 'SCCS'
2019-02-14 15:42:17.190 ERROR scannerclient - <module>: 'SCCS'
Traceback (most recent call last):
  File "/SCANNER/scannerclient.py", line 38, in <module>
    uploadurl = globals()[a]
KeyError: 'SCCS'
2019-02-14 15:42:16.302 ERROR scannerclient - <module>: 'SCCS'
Traceback (most recent call last):
  File "/SCANNER/scannerclient.py", line 38, in <module>
    uploadurl = globals()[a]
KeyError: 'SCCS'
2019-02-14 15:42:17.612 ERROR scannerclient - <module>: 'SCCS'
Traceback (most recent call last):
  File "/SCANNER/scannerclient.py", line 38, in <module>
    uploadurl = globals()[a]
KeyError: 'SCCS'
2019-02-14 15:42:17.786 ERROR scannerclient - <module>: 'SCCS'
Traceback (most recent call last):
  File "/SCANNER/scannerclient.py", line 38, in <module>
    uploadurl = globals()[a]
KeyError: 'SCCS'
2019-02-14 15:42:17.603 ERROR scannerclient - <module>: 'SCCS'
Traceback (most recent call last):
  File "/SCANNER/scannerclient.py", line 38, in <module>
    uploadurl = globals()[a]
KeyError: 'SCCS'
2019-02-14 15:42:17.678 ERROR scannerclient - <module>: 'SCCS'
Traceback (most recent call last):
  File "/SCANNER/scannerclient.py", line 38, in <module>
    uploadurl = globals()[a]
KeyError: 'SCCS'
2019-02-14 15:42:17.119 ERROR scannerclient - <module>: 'SCCS'
Traceback (most recent call last):
  File "/SCANNER/scannerclient.py", line 38, in <module>
    uploadurl = globals()[a]
KeyError: 'SCCS'
2019-02-14 15:42:17.860 ERROR scannerclient - <module>: 'SCCS'
Traceback (most recent call last):
  File "/SCANNER/scannerclient.py", line 38, in <module>
    uploadurl = globals()[a]
KeyError: 'SCCS'
2019-02-14 15:42:17.302 ERROR scannerclient - <module>: 'SCCS'
Traceback (most recent call last):
  File "/SCANNER/scannerclient.py", line 38, in <module>
    uploadurl = globals()[a]
KeyError: 'SCCS'
2019-02-14 15:42:17.470 ERROR scannerclient - <module>: 'SCCS'
Traceback (most recent call last):
  File "/SCANNER/scannerclient.py", line 38, in <module>
    uploadurl = globals()[a]
KeyError: 'SCCS'
2019-02-14 15:42:17.487 ERROR scannerclient - <module>: 'SCCS'
Traceback (most recent call last):
  File "/SCANNER/scannerclient.py", line 38, in <module>
    uploadurl = globals()[a]
KeyError: 'SCCS'
2019-02-14 15:42:16.358 ERROR scannerclient - <module>: 'SCCS'
Traceback (most recent call last):
  File "/SCANNER/scannerclient.py", line 38, in <module>
    uploadurl = globals()[a]
KeyError: 'SCCS'
2019-02-14 15:42:17.131 ERROR scannerclient - <module>: 'SCCS'
Traceback (most recent call last):
  File "/SCANNER/scannerclient.py", line 38, in <module>
    uploadurl = globals()[a]
KeyError: 'SCCS'
2019-02-14 15:42:17.159 ERROR scannerclient - <module>: 'SCCS'
Traceback (most recent call last):
  File "/SCANNER/scannerclient.py", line 38, in <module>
    uploadurl = globals()[a]
KeyError: 'SCCS'
2019-02-14 15:42:17.218 ERROR scannerclient - <module>: 'SCCS'
Traceback (most recent call last):
  File "/SCANNER/scannerclient.py", line 38, in <module>
    uploadurl = globals()[a]
KeyError: 'SCCS'
2019-02-14 15:42:17.108 ERROR scannerclient - <module>: 'SCCS'
Traceback (most recent call last):
  File "/SCANNER/scannerclient.py", line 38, in <module>
    uploadurl = globals()[a]
KeyError: 'SCCS'
2019-02-14 15:42:17.150 ERROR scannerclient - <module>: 'SCCS'
Traceback (most recent call last):
  File "/SCANNER/scannerclient.py", line 38, in <module>
    uploadurl = globals()[a]
KeyError: 'SCCS'
2019-02-14 15:42:16.903 ERROR scannerclient - <module>: 'SCCS'
Traceback (most recent call last):
  File "/SCANNER/scannerclient.py", line 38, in <module>
    uploadurl = globals()[a]
KeyError: 'SCCS'
2019-02-14 15:42:17.244 ERROR scannerclient - <module>: 'SCCS'
Traceback (most recent call last):
  File "/SCANNER/scannerclient.py", line 38, in <module>
    uploadurl = globals()[a]
KeyError: 'SCCS'
2019-02-14 15:42:17.126 ERROR scannerclient - <module>: 'SCCS'
Traceback (most recent call last):
  File "/SCANNER/scannerclient.py", line 38, in <module>
    uploadurl = globals()[a]
KeyError: 'SCCS'
2019-02-14 15:42:17.028 ERROR scannerclient - <module>: 'SCCS'
Traceback (most recent call last):
  File "/SCANNER/scannerclient.py", line 38, in <module>
    uploadurl = globals()[a]
KeyError: 'SCCS'
2019-02-14 15:42:17.374 ERROR scannerclient - <module>: 'SCCS'
Traceback (most recent call last):
  File "/SCANNER/scannerclient.py", line 38, in <module>
    uploadurl = globals()[a]
KeyError: 'SCCS'
2019-02-14 15:42:17.169 ERROR scannerclient - <module>: 'SCCS'
Traceback (most recent call last):
  File "/SCANNER/scannerclient.py", line 38, in <module>
    uploadurl = globals()[a]
KeyError: 'SCCS'
2019-02-14 15:42:17.542 ERROR scannerclient - <module>: 'SCCS'
Traceback (most recent call last):
  File "/SCANNER/scannerclient.py", line 38, in <module>
    uploadurl = globals()[a]
KeyError: 'SCCS'
2019-02-14 15:42:16.439 ERROR scannerclient - <module>: 'SCCS'
Traceback (most recent call last):
  File "/SCANNER/scannerclient.py", line 38, in <module>
    uploadurl = globals()[a]
KeyError: 'SCCS'
2019-02-14 15:42:15.628 ERROR scannerclient - <module>: 'SCCS'
Traceback (most recent call last):
  File "/SCANNER/scannerclient.py", line 38, in <module>
    uploadurl = globals()[a]
KeyError: 'SCCS'
2019-02-14 15:42:16.615 ERROR scannerclient - <module>: 'SCCS'
Traceback (most recent call last):
  File "/SCANNER/scannerclient.py", line 38, in <module>
    uploadurl = globals()[a]
KeyError: 'SCCS'
